<?xml version="1.0" encoding="UTF-8"?>
<!-- Generated by org.testng.reporters.JUnitReportReporter -->
<testsuite skipped="0" hostname="swapna-PC" name="testng.day2.SecondTest" tests="3" failures="0" timestamp="11 Feb 2019 05:06:43 GMT" time="0.004" errors="0">
  <testcase name="testCase4" time="0.002" classname="testng.day2.SecondTest"/>
  <testcase name="testCase5" time="0.001" classname="testng.day2.SecondTest"/>
  <testcase name="testCase6" time="0.001" classname="testng.day2.SecondTest"/>
</testsuite> <!-- testng.day2.SecondTest -->
