<?xml version="1.0" encoding="UTF-8"?>
<!-- Generated by org.testng.reporters.JUnitReportReporter -->
<testsuite skipped="0" hostname="swapna-PC" name="testng.day1.SampleTestCase" tests="3" failures="0" timestamp="11 Feb 2019 05:06:43 GMT" time="0.017" errors="0">
  <testcase name="testCase3" time="0.002" classname="testng.day1.SampleTestCase"/>
  <testcase name="testCase1" time="0.002" classname="testng.day1.SampleTestCase"/>
  <testcase name="testCase2" time="0.013" classname="testng.day1.SampleTestCase"/>
</testsuite> <!-- testng.day1.SampleTestCase -->
