<?xml version="1.0" encoding="UTF-8"?>
<!-- Generated by org.testng.reporters.JUnitReportReporter -->
<testsuite skipped="0" hostname="swapna-PC" name="testng.day2.FirstTest" tests="3" failures="0" timestamp="11 Feb 2019 05:06:43 GMT" time="49.217" errors="0">
  <testcase name="testCase2" time="0.001" classname="testng.day2.FirstTest"/>
  <testcase name="testCase1" time="49.215" classname="testng.day2.FirstTest"/>
  <testcase name="testCase3" time="0.001" classname="testng.day2.FirstTest"/>
</testsuite> <!-- testng.day2.FirstTest -->
