<?xml version="1.0" encoding="UTF-8"?>
<!-- Generated by org.testng.reporters.JUnitReportReporter -->
<testsuite skipped="0" hostname="swapna-PC" name="testng.day1.SecondTest" tests="2" failures="0" timestamp="15 Feb 2019 09:42:59 GMT" time="0.000" errors="0">
  <testcase name="tc_7" time="0.000" classname="testng.day1.SecondTest"/>
  <testcase name="tc_6" time="0.000" classname="testng.day1.SecondTest"/>
</testsuite> <!-- testng.day1.SecondTest -->
