<?xml version="1.0" encoding="UTF-8"?>
<!-- Generated by org.testng.reporters.JUnitReportReporter -->
<testsuite skipped="0" hostname="swapna-PC" name="testng.day1.FirstTest" tests="5" failures="0" timestamp="15 Feb 2019 09:42:59 GMT" time="0.032" errors="0">
  <testcase name="tc_5" time="0.000" classname="testng.day1.FirstTest"/>
  <testcase name="tc_4" time="0.000" classname="testng.day1.FirstTest"/>
  <testcase name="tc_1" time="0.016" classname="testng.day1.FirstTest"/>
  <testcase name="tc_2" time="0.000" classname="testng.day1.FirstTest"/>
  <testcase name="tc_3" time="0.016" classname="testng.day1.FirstTest"/>
</testsuite> <!-- testng.day1.FirstTest -->
